<?xml version="1.0" encoding="UTF-8"?>
<!-- Generated by org.testng.reporters.JUnitXMLReporter -->
<testsuite hostname="LAPTOP-ELMNKHJ9" name="Test" tests="6" failures="0" timestamp="5 Oct 2019 04:49:47 GMT" time="57.354" errors="0">
  <testcase name="test1" time="0.114" classname="listeners.TestNGListenersDemo"/>
  <testcase name="test2" time="57.068" classname="listeners.TestNGListenersDemo"/>
  <testcase name="test3" time="0.001" classname="listeners.TestNGListenersDemo">
    <skipped/>
  </testcase> <!-- test3 -->
  <testcase name="test4" time="0.0" classname="listeners.TestNGListenersDemo2"/>
  <testcase name="test5" time="0.001" classname="listeners.TestNGListenersDemo2"/>
  <testcase name="test6" time="0.0" classname="listeners.TestNGListenersDemo2">
    <skipped/>
  </testcase> <!-- test6 -->
</testsuite> <!-- Test -->
